This is pdfTeX, Version 3.14159265-2.6-1.40.20 (TeX Live 2019) (preloaded format=pdflatex 2019.5.8)  10 SEP 2019 20:15
entering extended mode
 restricted \write18 enabled.
 %&-line parsing enabled.
**shift-recommendation-and-ckd-disease.tex
(./shift-recommendation-and-ckd-disease.tex
LaTeX2e <2018-12-01>
(/usr/local/texlive/2019/texmf-dist/tex/latex/base/article.cls
Document Class: article 2018/09/03 v1.4i Standard LaTeX document class
(/usr/local/texlive/2019/texmf-dist/tex/latex/base/size10.clo
File: size10.clo 2018/09/03 v1.4i Standard LaTeX file (size option)
)
\c@part=\count80
\c@section=\count81
\c@subsection=\count82
\c@subsubsection=\count83
\c@paragraph=\count84
\c@subparagraph=\count85
\c@figure=\count86
\c@table=\count87
\abovecaptionskip=\skip41
\belowcaptionskip=\skip42
\bibindent=\dimen102
)
(/usr/local/texlive/2019/texmf-dist/tex/latex/graphics/graphicx.sty
Package: graphicx 2017/06/01 v1.1a Enhanced LaTeX Graphics (DPC,SPQR)

(/usr/local/texlive/2019/texmf-dist/tex/latex/graphics/keyval.sty
Package: keyval 2014/10/28 v1.15 key=value parser (DPC)
\KV@toks@=\toks14
)
(/usr/local/texlive/2019/texmf-dist/tex/latex/graphics/graphics.sty
Package: graphics 2017/06/25 v1.2c Standard LaTeX Graphics (DPC,SPQR)

(/usr/local/texlive/2019/texmf-dist/tex/latex/graphics/trig.sty
Package: trig 2016/01/03 v1.10 sin cos tan (DPC)
)
(/usr/local/texlive/2019/texmf-dist/tex/latex/graphics-cfg/graphics.cfg
File: graphics.cfg 2016/06/04 v1.11 sample graphics configuration
)
Package graphics Info: Driver file: pdftex.def on input line 99.

(/usr/local/texlive/2019/texmf-dist/tex/latex/graphics-def/pdftex.def
File: pdftex.def 2018/01/08 v1.0l Graphics/color driver for pdftex
))
\Gin@req@height=\dimen103
\Gin@req@width=\dimen104
)
(/usr/local/texlive/2019/texmf-dist/tex/latex/geometry/geometry.sty
Package: geometry 2018/04/16 v5.8 Page Geometry

(/usr/local/texlive/2019/texmf-dist/tex/generic/oberdiek/ifpdf.sty
Package: ifpdf 2018/09/07 v3.3 Provides the ifpdf switch
)
(/usr/local/texlive/2019/texmf-dist/tex/generic/oberdiek/ifvtex.sty
Package: ifvtex 2016/05/16 v1.6 Detect VTeX and its facilities (HO)
Package ifvtex Info: VTeX not detected.
)
(/usr/local/texlive/2019/texmf-dist/tex/generic/ifxetex/ifxetex.sty
Package: ifxetex 2010/09/12 v0.6 Provides ifxetex conditional
)
\Gm@cnth=\count88
\Gm@cntv=\count89
\c@Gm@tempcnt=\count90
\Gm@bindingoffset=\dimen105
\Gm@wd@mp=\dimen106
\Gm@odd@mp=\dimen107
\Gm@even@mp=\dimen108
\Gm@layoutwidth=\dimen109
\Gm@layoutheight=\dimen110
\Gm@layouthoffset=\dimen111
\Gm@layoutvoffset=\dimen112
\Gm@dimlist=\toks15
)
(/usr/local/texlive/2019/texmf-dist/tex/latex/base/inputenc.sty
Package: inputenc 2018/08/11 v1.3c Input encoding file
\inpenc@prehook=\toks16
\inpenc@posthook=\toks17
)
(/usr/local/texlive/2019/texmf-dist/tex/latex/tools/longtable.sty
Package: longtable 2014/10/28 v4.11 Multi-page Table package (DPC)+ FMi change
\LTleft=\skip43
\LTright=\skip44
\LTpre=\skip45
\LTpost=\skip46
\LTchunksize=\count91
\LTcapwidth=\dimen113
\LT@head=\box27
\LT@firsthead=\box28
\LT@foot=\box29
\LT@lastfoot=\box30
\LT@cols=\count92
\LT@rows=\count93
\c@LT@tables=\count94
\c@LT@chunks=\count95
\LT@p@ftn=\toks18
)
(/usr/local/texlive/2019/texmf-dist/tex/latex/hyperref/hyperref.sty
Package: hyperref 2018/11/30 v6.88e Hypertext links for LaTeX

(/usr/local/texlive/2019/texmf-dist/tex/generic/oberdiek/hobsub-hyperref.sty
Package: hobsub-hyperref 2016/05/16 v1.14 Bundle oberdiek, subset hyperref (HO)


(/usr/local/texlive/2019/texmf-dist/tex/generic/oberdiek/hobsub-generic.sty
Package: hobsub-generic 2016/05/16 v1.14 Bundle oberdiek, subset generic (HO)
Package: hobsub 2016/05/16 v1.14 Construct package bundles (HO)
Package: infwarerr 2016/05/16 v1.4 Providing info/warning/error messages (HO)
Package: ltxcmds 2016/05/16 v1.23 LaTeX kernel commands for general use (HO)
Package: ifluatex 2016/05/16 v1.4 Provides the ifluatex switch (HO)
Package ifluatex Info: LuaTeX not detected.
Package hobsub Info: Skipping package `ifvtex' (already loaded).
Package: intcalc 2016/05/16 v1.2 Expandable calculations with integers (HO)
Package hobsub Info: Skipping package `ifpdf' (already loaded).
Package: etexcmds 2016/05/16 v1.6 Avoid name clashes with e-TeX commands (HO)
Package: kvsetkeys 2016/05/16 v1.17 Key value parser (HO)
Package: kvdefinekeys 2016/05/16 v1.4 Define keys (HO)
Package: pdftexcmds 2018/09/10 v0.29 Utility functions of pdfTeX for LuaTeX (HO
)
Package pdftexcmds Info: LuaTeX not detected.
Package pdftexcmds Info: \pdf@primitive is available.
Package pdftexcmds Info: \pdf@ifprimitive is available.
Package pdftexcmds Info: \pdfdraftmode found.
Package: pdfescape 2016/05/16 v1.14 Implements pdfTeX's escape features (HO)
Package: bigintcalc 2016/05/16 v1.4 Expandable calculations on big integers (HO
)
Package: bitset 2016/05/16 v1.2 Handle bit-vector datatype (HO)
Package: uniquecounter 2016/05/16 v1.3 Provide unlimited unique counter (HO)
)
Package hobsub Info: Skipping package `hobsub' (already loaded).
Package: letltxmacro 2016/05/16 v1.5 Let assignment for LaTeX macros (HO)
Package: hopatch 2016/05/16 v1.3 Wrapper for package hooks (HO)
Package: xcolor-patch 2016/05/16 xcolor patch
Package: atveryend 2016/05/16 v1.9 Hooks at the very end of document (HO)
Package atveryend Info: \enddocument detected (standard20110627).
Package: atbegshi 2016/06/09 v1.18 At begin shipout hook (HO)
Package: refcount 2016/05/16 v3.5 Data extraction from label references (HO)
Package: hycolor 2016/05/16 v1.8 Color options for hyperref/bookmark (HO)
)
(/usr/local/texlive/2019/texmf-dist/tex/latex/oberdiek/auxhook.sty
Package: auxhook 2016/05/16 v1.4 Hooks for auxiliary files (HO)
)
(/usr/local/texlive/2019/texmf-dist/tex/latex/oberdiek/kvoptions.sty
Package: kvoptions 2016/05/16 v3.12 Key value format for package options (HO)
)
\@linkdim=\dimen114
\Hy@linkcounter=\count96
\Hy@pagecounter=\count97

(/usr/local/texlive/2019/texmf-dist/tex/latex/hyperref/pd1enc.def
File: pd1enc.def 2018/11/30 v6.88e Hyperref: PDFDocEncoding definition (HO)
Now handling font encoding PD1 ...
... no UTF-8 mapping file for font encoding PD1
)
\Hy@SavedSpaceFactor=\count98

(/usr/local/texlive/2019/texmf-dist/tex/latex/latexconfig/hyperref.cfg
File: hyperref.cfg 2002/06/06 v1.2 hyperref configuration of TeXLive
)
Package hyperref Info: Hyper figures OFF on input line 4519.
Package hyperref Info: Link nesting OFF on input line 4524.
Package hyperref Info: Hyper index ON on input line 4527.
Package hyperref Info: Plain pages OFF on input line 4534.
Package hyperref Info: Backreferencing OFF on input line 4539.
Package hyperref Info: Implicit mode ON; LaTeX internals redefined.
Package hyperref Info: Bookmarks ON on input line 4772.
\c@Hy@tempcnt=\count99

(/usr/local/texlive/2019/texmf-dist/tex/latex/url/url.sty
\Urlmuskip=\muskip10
Package: url 2013/09/16  ver 3.4  Verb mode for urls, etc.
)
LaTeX Info: Redefining \url on input line 5125.
\XeTeXLinkMargin=\dimen115
\Fld@menulength=\count100
\Field@Width=\dimen116
\Fld@charsize=\dimen117
Package hyperref Info: Hyper figures OFF on input line 6380.
Package hyperref Info: Link nesting OFF on input line 6385.
Package hyperref Info: Hyper index ON on input line 6388.
Package hyperref Info: backreferencing OFF on input line 6395.
Package hyperref Info: Link coloring OFF on input line 6400.
Package hyperref Info: Link coloring with OCG OFF on input line 6405.
Package hyperref Info: PDF/A mode OFF on input line 6410.
LaTeX Info: Redefining \ref on input line 6450.
LaTeX Info: Redefining \pageref on input line 6454.
\Hy@abspage=\count101
\c@Item=\count102
\c@Hfootnote=\count103
)
Package hyperref Info: Driver (autodetected): hpdftex.

(/usr/local/texlive/2019/texmf-dist/tex/latex/hyperref/hpdftex.def
File: hpdftex.def 2018/11/30 v6.88e Hyperref driver for pdfTeX
\Fld@listcount=\count104
\c@bookmark@seq@number=\count105

(/usr/local/texlive/2019/texmf-dist/tex/latex/oberdiek/rerunfilecheck.sty
Package: rerunfilecheck 2016/05/16 v1.8 Rerun checks for auxiliary files (HO)
Package uniquecounter Info: New unique counter `rerunfilecheck' on input line 2
82.
)
\Hy@SectionHShift=\skip47
)
Package hyperref Info: Option `colorlinks' set `true' on input line 14.


LaTeX Warning: Unused global option(s):
    [margin=1in].

(./shift-recommendation-and-ckd-disease.aux)
\openout1 = `shift-recommendation-and-ckd-disease.aux'.

LaTeX Font Info:    Checking defaults for OML/cmm/m/it on input line 19.
LaTeX Font Info:    ... okay on input line 19.
LaTeX Font Info:    Checking defaults for T1/cmr/m/n on input line 19.
LaTeX Font Info:    ... okay on input line 19.
LaTeX Font Info:    Checking defaults for OT1/cmr/m/n on input line 19.
LaTeX Font Info:    ... okay on input line 19.
LaTeX Font Info:    Checking defaults for OMS/cmsy/m/n on input line 19.
LaTeX Font Info:    ... okay on input line 19.
LaTeX Font Info:    Checking defaults for OMX/cmex/m/n on input line 19.
LaTeX Font Info:    ... okay on input line 19.
LaTeX Font Info:    Checking defaults for U/cmr/m/n on input line 19.
LaTeX Font Info:    ... okay on input line 19.
LaTeX Font Info:    Checking defaults for PD1/pdf/m/n on input line 19.
LaTeX Font Info:    ... okay on input line 19.

(/usr/local/texlive/2019/texmf-dist/tex/context/base/mkii/supp-pdf.mkii
[Loading MPS to PDF converter (version 2006.09.02).]
\scratchcounter=\count106
\scratchdimen=\dimen118
\scratchbox=\box31
\nofMPsegments=\count107
\nofMParguments=\count108
\everyMPshowfont=\toks19
\MPscratchCnt=\count109
\MPscratchDim=\dimen119
\MPnumerator=\count110
\makeMPintoPDFobject=\count111
\everyMPtoPDFconversion=\toks20
) (/usr/local/texlive/2019/texmf-dist/tex/latex/oberdiek/epstopdf-base.sty
Package: epstopdf-base 2016/05/15 v2.6 Base part for package epstopdf

(/usr/local/texlive/2019/texmf-dist/tex/latex/oberdiek/grfext.sty
Package: grfext 2016/05/16 v1.2 Manage graphics extensions (HO)
)
Package epstopdf-base Info: Redefining graphics rule for `.eps' on input line 4
38.
Package grfext Info: Graphics extension search list:
(grfext)             [.pdf,.png,.jpg,.mps,.jpeg,.jbig2,.jb2,.PDF,.PNG,.JPG,.JPE
G,.JBIG2,.JB2,.eps]
(grfext)             \AppendGraphicsExtensions on input line 456.

(/usr/local/texlive/2019/texmf-dist/tex/latex/latexconfig/epstopdf-sys.cfg
File: epstopdf-sys.cfg 2010/07/13 v1.3 Configuration of (r)epstopdf for TeX Liv
e
))
*geometry* driver: auto-detecting
*geometry* detected driver: pdftex
*geometry* verbose mode - [ preamble ] result:
* driver: pdftex
* paper: a4paper
* layout: <same size as paper>
* layoutoffset:(h,v)=(0.0pt,0.0pt)
* modes: 
* h-part:(L,W,R)=(72.26999pt, 452.9679pt, 72.26999pt)
* v-part:(T,H,B)=(72.26999pt, 700.50687pt, 72.26999pt)
* \paperwidth=597.50787pt
* \paperheight=845.04684pt
* \textwidth=452.9679pt
* \textheight=700.50687pt
* \oddsidemargin=0.0pt
* \evensidemargin=0.0pt
* \topmargin=-37.0pt
* \headheight=12.0pt
* \headsep=25.0pt
* \topskip=10.0pt
* \footskip=30.0pt
* \marginparwidth=4.0pt
* \marginparsep=10.0pt
* \columnsep=10.0pt
* \skip\footins=9.0pt plus 4.0pt minus 2.0pt
* \hoffset=0.0pt
* \voffset=0.0pt
* \mag=1000
* \@twocolumntrue
* \@twosidefalse
* \@mparswitchfalse
* \@reversemarginfalse
* (1in=72.27pt=25.4mm, 1cm=28.453pt)

\AtBeginShipoutBox=\box32
(/usr/local/texlive/2019/texmf-dist/tex/latex/graphics/color.sty
Package: color 2016/07/10 v1.1e Standard LaTeX Color (DPC)

(/usr/local/texlive/2019/texmf-dist/tex/latex/graphics-cfg/color.cfg
File: color.cfg 2016/01/02 v1.6 sample color configuration
)
Package color Info: Driver file: pdftex.def on input line 147.
)
Package hyperref Info: Link coloring ON on input line 19.

(/usr/local/texlive/2019/texmf-dist/tex/latex/hyperref/nameref.sty
Package: nameref 2016/05/21 v2.44 Cross-referencing by name of section

(/usr/local/texlive/2019/texmf-dist/tex/generic/oberdiek/gettitlestring.sty
Package: gettitlestring 2016/05/16 v1.5 Cleanup title references (HO)
)
\c@section@level=\count112
)
LaTeX Info: Redefining \ref on input line 19.
LaTeX Info: Redefining \pageref on input line 19.
LaTeX Info: Redefining \nameref on input line 19.

(./shift-recommendation-and-ckd-disease.out)
(./shift-recommendation-and-ckd-disease.out)
\@outlinefile=\write3
\openout3 = `shift-recommendation-and-ckd-disease.out'.

 (./front-page.tex) (./abstract.tex
Underfull \hbox (badness 10000) in paragraph at lines 1--2
\OT1/cmr/m/n/10 Chronic Kid-ney Dis-ease (CKD) lead-ing to
 []


Underfull \hbox (badness 1584) in paragraph at lines 1--2
\OT1/cmr/m/n/10 CKD/ESRD and in-ter-re-lated dis-eases cause a
 []


Underfull \hbox (badness 5119) in paragraph at lines 1--2
\OT1/cmr/m/n/10 re-cent di-etary rec-om-men-da-tions shift is not
 []


Underfull \hbox (badness 2197) in paragraph at lines 1--2
\OT1/cmr/m/n/10 This re-search study has un-cov-ered sig-nif-i-cant
 []


Underfull \hbox (badness 2970) in paragraph at lines 1--2
\OT1/cmr/m/n/10 mor-tal-ity, also be-tween di-etary pat-terns and
 []


Underfull \hbox (badness 1297) in paragraph at lines 1--2
\OT1/cmr/m/n/10 showed neg-a-tive cor-re-la-tions where Veg-eta-bles,
 []


Underfull \hbox (badness 2005) in paragraph at lines 1--2
\OT1/cmr/m/n/10 Other Veg-eta-bles showed pos-i-tive cor-re-la-tions.
 []

) (./introduction.tex
Underfull \hbox (badness 6268) in paragraph at lines 3--4
\OT1/cmr/m/n/10 in-creas-ing whereby 10 to 13% of the US
 []


Underfull \hbox (badness 2564) in paragraph at lines 7--8
\OT1/cmr/m/n/10 Primary causes of CKD in-clude High Blood
 []


Underfull \hbox (badness 7777) in paragraph at lines 7--8
\OT1/cmr/m/n/10 in-fec-tion, kid-ney stones, ge-net-ics, ge-net-i-cal
 []


Underfull \hbox (badness 1975) in paragraph at lines 7--8
\OT1/cmr/m/n/10 di-a-betes and blood pres-sure with or with-out
 []


Underfull \hbox (badness 2790) in paragraph at lines 7--8
\OT1/cmr/m/n/10 and our diet pro-duces those waste prod-ucts
 []

[1

{/usr/local/texlive/2019/texmf-var/fonts/map/pdftex/updmap/pdftex.map}]
Underfull \hbox (badness 1117) in paragraph at lines 9--10
[]\OT1/cmr/m/n/10 As Di-etary rec-om-men-da-tions are dif-fi-cult to
 []


Underfull \hbox (badness 3260) in paragraph at lines 11--11
[]\OT1/cmr/bx/n/12 How CKD is Iden-ti-fied and
 []

LaTeX Font Info:    Try loading font information for OML+cmr on input line 12.
(/usr/local/texlive/2019/texmf-dist/tex/latex/base/omlcmr.fd
File: omlcmr.fd 2014/09/29 v2.5h Standard LaTeX font definitions
)
LaTeX Font Info:    Font shape `OML/cmr/m/n' in size <10> not available
(Font)              Font shape `OML/cmm/m/it' tried instead on input line 12.
)
(./literature.tex
Underfull \hbox (badness 2698) in paragraph at lines 10--11
\OT1/cmr/m/n/10 and Mex-i-can foods, pizza, and other mixed
 []


Underfull \hbox (badness 2460) in paragraph at lines 10--11
\OT1/cmr/m/n/10 dishes), "plant-based" (fruits and veg-eta-bles),
 []

[2]
Underfull \hbox (badness 1888) in paragraph at lines 13--14
\OT1/cmr/m/n/10 diet can pre-serve kid-ney func-tion along with
 []


Underfull \hbox (badness 3281) in paragraph at lines 13--14
\OT1/cmr/m/n/10 diet has a lower like-li-hood of hav-ing CKD
 []


Underfull \hbox (badness 1521) in paragraph at lines 13--14
\OT1/cmr/m/n/10 in el-derly men. The study also found that
 []


Underfull \hbox (badness 1337) in paragraph at lines 13--14
\OT1/cmr/m/n/10 a greater ad-her-ence to this diet can im-prove
 []


Underfull \hbox (badness 1337) in paragraph at lines 13--14
\OT1/cmr/m/n/10 sur-vival for CKD pa-tients [5]. Huang et al
 []


Underfull \hbox (badness 1052) in paragraph at lines 13--14
\OT1/cmr/m/n/10 [5] in the above study, used un-paired t test,
 []


Underfull \hbox (badness 2245) in paragraph at lines 13--14
\OT1/cmr/m/n/10 BMI, Diet, Blood Pres-sure, Choles-terol, and
 []


Underfull \hbox (badness 1810) in paragraph at lines 13--14
\OT1/cmr/m/n/10 haz-ards mod-els. Ad-just-ment were made for
 []


Underfull \hbox (badness 1661) in paragraph at lines 17--18
\OT1/cmr/m/n/10 pa-tients when in ad-di-tion to por-tion con-trol,
 []


Underfull \hbox (badness 1082) in paragraph at lines 20--21
\OT1/cmr/m/n/10 the de-gree of ad-her-ence to a healthy lifestyle
 []


Underfull \hbox (badness 3128) in paragraph at lines 20--21
\OT1/cmr/m/n/10 (CKD). The study found that ad-her-ence to
 []


Underfull \hbox (badness 2368) in paragraph at lines 20--21
\OT1/cmr/m/n/10 a healthy lifestyle was as-so-ci-ated with lower
 []


Underfull \hbox (badness 1092) in paragraph at lines 20--21
\OT1/cmr/m/n/10 all-cause mor-tal-ity risk in CKD. The great-est
 []


Underfull \hbox (badness 1033) in paragraph at lines 20--21
\OT1/cmr/m/n/10 haz-ards mod-els were fit-ted and were ad-justed
 []

[3]) (./methodology.tex
Underfull \hbox (badness 1968) in paragraph at lines 23--1
\OT1/cmr/m/n/10 mod-els es-pe-cially Cox re-gres-sion mod-els were
 []


Underfull \hbox (badness 4084) in paragraph at lines 23--1
\OT1/cmr/m/n/10 uti-lized pub-lic datasets from CDC, US-RDS,
 []


Underfull \hbox (badness 3354) in paragraph at lines 23--1
\OT1/cmr/m/n/10 Health.gov. For as-so-ci-a-tion and pre-dic-tion,
 []


Underfull \hbox (badness 2027) in paragraph at lines 23--1
\OT1/cmr/m/n/10 ap-proaches are used. The ma-chine learn-ing
 []

<./images/methodologies-enhanced.png, id=74, 472.01344pt x 575.90157pt>
File: ./images/methodologies-enhanced.png Graphic file (type png)
<use ./images/methodologies-enhanced.png>
Package pdftex.def Info: ./images/methodologies-enhanced.png  used on input lin
e 7.
(pdftex.def)             Requested size: 226.56387pt x 276.42961pt.

Overfull \hbox (5.07993pt too wide) in paragraph at lines 7--9
 [][] 
 []


Underfull \hbox (badness 3407) in paragraph at lines 14--15
\OT1/cmr/m/n/10 A dataset re-leased by CDC/Health.gov with
 []


Underfull \hbox (badness 10000) in paragraph at lines 14--15
\OT1/cmr/m/n/10 uti-lized Prin-ci-pal Com-po-nent Anal-y-sis to
 []


Underfull \hbox (badness 1596) in paragraph at lines 14--15
\OT1/cmr/m/n/10 iden-tify the most im-por-tant food groups and
 []


Underfull \hbox (badness 3364) in paragraph at lines 14--15
\OT1/cmr/m/n/10 sub-groups af-fect-ing the ACR value and the
 []


Underfull \hbox (badness 1990) in paragraph at lines 14--15
\OT1/cmr/m/n/10 Mor-tal-ity/Survival. Sta-tis-ti-cal re-gres-sion and
 []

[4 <./images/methodologies-enhanced.png>]
Underfull \hbox (badness 1043) in paragraph at lines 24--25
\OT1/cmr/m/n/10 For di-etary pat-terns, CKD mea-sures (such as
 []


Underfull \hbox (badness 1939) in paragraph at lines 24--25
\OT1/cmr/m/n/10 Health and Nu-tri-tion Ex-am-i-na-tion Sur-vey on
 []


Underfull \hbox (badness 1292) in paragraph at lines 24--25
\OT1/cmr/m/n/10 and other re-lated data for those par-tic-i-pants.
 []


Underfull \hbox (badness 3503) in paragraph at lines 27--28
\OT1/cmr/m/n/10 from the United States Re-nal Data Sys-tem
 []


Underfull \hbox (badness 1264) in paragraph at lines 27--28
\OT1/cmr/m/n/10 CKD to ESRD and end-of-life care for those
 []


Underfull \hbox (badness 3128) in paragraph at lines 27--28
\OT1/cmr/m/n/10 Char-ac-ter-is-tics, and Treat-ment Modal-i-ties on
 []


Underfull \hbox (badness 1057) in paragraph at lines 27--28
\OT1/cmr/m/n/10 rates, To-tal Mor-tal-ity Count, 90 day sur-vival
 []


Underfull \hbox (badness 2753) in paragraph at lines 27--28
\OT1/cmr/m/n/10 re-search uti-lized only the pub-lic dataset i.e.
 []


Underfull \hbox (badness 6910) in paragraph at lines 35--36
\OT1/cmr/m/n/10 ACR and Kid-ney con-di-tion data for each
 []


Underfull \hbox (badness 1097) in paragraph at lines 35--36
\OT1/cmr/m/n/10 in-di-vid-ual are merged with the av-er-aged food
 []


Underfull \hbox (badness 1163) in paragraph at lines 35--36
\OT1/cmr/m/n/10 groups, sub-groups, and nu-tri-ents data. This
 []

[5]) (./no-prediction-results-with-reference.tex
Underfull \hbox (badness 4608) in paragraph at lines 39--1
\OT1/cmr/m/n/10 In an-other mor-tal-ity ex-per-i-ment, the above
 []


Underfull \hbox (badness 10000) in paragraph at lines 39--1
\OT1/cmr/m/n/10 syn-the-sized datasets were ag-gre-gated for
 []


Underfull \hbox (badness 1661) in paragraph at lines 39--1
\OT1/cmr/m/n/10 US-RDS age groups to cal-cu-late av-er-age food
 []


Underfull \hbox (badness 10000) in paragraph at lines 4--4
\OT1/cmr/bx/n/12 Food Nu-tri-ents and CKD
 []

LaTeX Font Info:    External font `cmex10' loaded for size
(Font)              <9> on input line 10.
LaTeX Font Info:    External font `cmex10' loaded for size
(Font)              <6> on input line 10.
LaTeX Font Info:    External font `cmex10' loaded for size
(Font)              <5> on input line 10.
<./images/sorted_standard_grain_ratio_negative.png, id=84, 361.35pt x 361.35pt>

File: ./images/sorted_standard_grain_ratio_negative.png Graphic file (type png)

<use ./images/sorted_standard_grain_ratio_negative.png>
Package pdftex.def Info: ./images/sorted_standard_grain_ratio_negative.png  use
d on input line 11.
(pdftex.def)             Requested size: 90.33728pt x 90.33728pt.
<./images/grain_later.png, id=86, 320.69812pt x 309.40594pt>
File: ./images/grain_later.png Graphic file (type png)
<use ./images/grain_later.png>
Package pdftex.def Info: ./images/grain_later.png  used on input line 11.
(pdftex.def)             Requested size: 80.17433pt x 77.35129pt.
<./images/pair_plot_fruits_ratio.png, id=87, 253.69781pt x 249.93375pt>
File: ./images/pair_plot_fruits_ratio.png Graphic file (type png)
<use ./images/pair_plot_fruits_ratio.png>
Package pdftex.def Info: ./images/pair_plot_fruits_ratio.png  used on input lin
e 17.
(pdftex.def)             Requested size: 76.10992pt x 74.9807pt.
<./images/standard_fruit_ratio_mortality.png, id=88, 361.35pt x 361.35pt>
File: ./images/standard_fruit_ratio_mortality.png Graphic file (type png)
<use ./images/standard_fruit_ratio_mortality.png>
Package pdftex.def Info: ./images/standard_fruit_ratio_mortality.png  used on i
nput line 17.
(pdftex.def)             Requested size: 90.33728pt x 90.33728pt.

Underfull \hbox (badness 1383) in paragraph at lines 20--20
[]\OT1/cmr/m/n/10 Figure 2: []\OT1/cmr/bx/n/10 Food Groups and Mor-tal-ity -
 []


Underfull \hbox (badness 2600) in paragraph at lines 7--23
\OT1/cmr/m/n/10 food groups and CKD mor-tal-ity us-ing PCA
 []


Underfull \hbox (badness 1590) in paragraph at lines 7--23
\OT1/cmr/m/n/10 and Re-gres-sion show that Grains (-0.84) and
 []

<./images/standard_vegetable_ratio.png, id=89, 361.35pt x 361.35pt>
File: ./images/standard_vegetable_ratio.png Graphic file (type png)
<use ./images/standard_vegetable_ratio.png>
Package pdftex.def Info: ./images/standard_vegetable_ratio.png  used on input l
ine 27.
(pdftex.def)             Requested size: 90.33728pt x 90.33728pt.
<./images/standard_actual_vegetable_intake_esrd_mortality.png, id=90, 361.35pt 
x 361.35pt>
File: ./images/standard_actual_vegetable_intake_esrd_mortality.png Graphic file
 (type png)
<use ./images/standard_actual_vegetable_intake_esrd_mortality.png>
Package pdftex.def Info: ./images/standard_actual_vegetable_intake_esrd_mortali
ty.png  used on input line 28.
(pdftex.def)             Requested size: 90.33728pt x 90.33728pt.
<./images/pairplot_vegetable_.png, id=91, 280.04625pt x 279.29344pt>
File: ./images/pairplot_vegetable_.png Graphic file (type png)
<use ./images/pairplot_vegetable_.png>
Package pdftex.def Info: ./images/pairplot_vegetable_.png  used on input line 2
9.
(pdftex.def)             Requested size: 70.01138pt x 69.82318pt.

Underfull \hbox (badness 1383) in paragraph at lines 33--33
[]\OT1/cmr/m/n/10 Figure 3: []\OT1/cmr/bx/n/10 Food Groups and Mor-tal-ity -
 []


Underfull \hbox (badness 1087) in paragraph at lines 36--37
\OT1/cmr/m/n/10 Vegetables show pos-i-tive (0.58) cor-re-la-tion i.e.
 []


Underfull \hbox (badness 1097) in paragraph at lines 36--37
\OT1/cmr/m/n/10 veg-eta-bles. The cor-re-la-tion of 0.58 does not
 []


Underfull \hbox (badness 1412) in paragraph at lines 36--37
\OT1/cmr/m/n/10 ra-tios of food in-take amount to high end of
 []


Underfull \hbox (badness 1609) in paragraph at lines 36--37
\OT1/cmr/m/n/10 show pos-i-tive re-la-tion) were used; age might
 []


Underfull \hbox (badness 1831) in paragraph at lines 36--37
\OT1/cmr/m/n/10 veg-etable sub-groups such as Other veg-eta-bles
 []


Underfull \hbox (badness 1354) in paragraph at lines 36--37
\OT1/cmr/m/n/10 that have an im-pact on the Veg-etable group
 []


Underfull \hbox (badness 2205) in paragraph at lines 36--37
\OT1/cmr/m/n/10 cor-re-la-tion. Al-though more veg-etable in-take
 []


Underfull \hbox (badness 1448) in paragraph at lines 36--37
\OT1/cmr/m/n/10 Veg-eta-bles with more Potas-sium and Cal-cium
 []


Underfull \hbox (badness 5970) in paragraph at lines 36--37
\OT1/cmr/m/n/10 rec-om-mended in gen-eral. Con-sid-er-ing the
 []

[6 <./images/sorted_standard_grain_ratio_negative.png> <./images/grain_later.pn
g> <./images/pair_plot_fruits_ratio.png> <./images/standard_fruit_ratio_mortali
ty.png> <./images/standard_vegetable_ratio.png> <./images/standard_actual_veget
able_intake_esrd_mortality.png> <./images/pairplot_vegetable_.png>]
Underfull \hbox (badness 3492) in paragraph at lines 40--41
\OT1/cmr/m/n/10 Food sub-groups such as Al-co-holic Bev-er-ages
 []


Underfull \hbox (badness 1430) in paragraph at lines 40--41
\OT1/cmr/m/n/10 Whole Grains (-0.61), and `Nuts, Seeds, and
 []


Underfull \hbox (badness 1102) in paragraph at lines 40--41
\OT1/cmr/m/n/10 Soy Prod-ucts' (-0.55) show the most neg-a-tive
 []


Underfull \hbox (badness 2269) in paragraph at lines 40--41
\OT1/cmr/m/n/10 also shows neg-a-tive cor-re-la-tions as shown in
 []


Underfull \hbox (badness 1953) in paragraph at lines 40--41
\OT1/cmr/m/n/10 the charts be-low. These out-comes are also
 []


Underfull \hbox (badness 2941) in paragraph at lines 40--41
\OT1/cmr/m/n/10 con-sis-tent with cur-rent knowl-edge ex-cept for
 []


Underfull \vbox (badness 3439) has occurred while \output is active []

<./images/standard_actual_starchy_vegetable_esrd_mortality.png, id=104, 361.35p
t x 361.35pt>
File: ./images/standard_actual_starchy_vegetable_esrd_mortality.png Graphic fil
e (type png)
<use ./images/standard_actual_starchy_vegetable_esrd_mortality.png>
Package pdftex.def Info: ./images/standard_actual_starchy_vegetable_esrd_mortal
ity.png  used on input line 45.
(pdftex.def)             Requested size: 90.33728pt x 90.33728pt.
<./images/standard_actual_red_and_orange_vegetable_esrd_mortality.png, id=105, 
361.35pt x 361.35pt>
File: ./images/standard_actual_red_and_orange_vegetable_esrd_mortality.png Grap
hic file (type png)
<use ./images/standard_actual_red_and_orange_vegetable_esrd_mortality.png>
Package pdftex.def Info: ./images/standard_actual_red_and_orange_vegetable_esrd
_mortality.png  used on input line 46.
(pdftex.def)             Requested size: 90.33728pt x 90.33728pt.
<./images/standard_actual_other_vegetable_esrd_mortality.png, id=106, 361.35pt 
x 361.35pt>
File: ./images/standard_actual_other_vegetable_esrd_mortality.png Graphic file 
(type png)
<use ./images/standard_actual_other_vegetable_esrd_mortality.png>
Package pdftex.def Info: ./images/standard_actual_other_vegetable_esrd_mortalit
y.png  used on input line 47.
(pdftex.def)             Requested size: 90.33728pt x 90.33728pt.

Overfull \hbox (5.0963pt too wide) in paragraph at lines 44--50
 [][] 
 []

<./images/negatively_subgroup_avg_alcohol_intake.png, id=107, 361.35pt x 361.35
pt>
File: ./images/negatively_subgroup_avg_alcohol_intake.png Graphic file (type pn
g)
<use ./images/negatively_subgroup_avg_alcohol_intake.png>
Package pdftex.def Info: ./images/negatively_subgroup_avg_alcohol_intake.png  u
sed on input line 52.
(pdftex.def)             Requested size: 90.33728pt x 90.33728pt.
<./images/negatively_added_sugar_subgroup_line_2.png, id=108, 361.35pt x 361.35
pt>
File: ./images/negatively_added_sugar_subgroup_line_2.png Graphic file (type pn
g)
<use ./images/negatively_added_sugar_subgroup_line_2.png>
Package pdftex.def Info: ./images/negatively_added_sugar_subgroup_line_2.png  u
sed on input line 53.
(pdftex.def)             Requested size: 90.33728pt x 90.33728pt.
<./images/negatively_avg_nuts_subgroup_line_3.png, id=109, 361.35pt x 361.35pt>

File: ./images/negatively_avg_nuts_subgroup_line_3.png Graphic file (type png)
<use ./images/negatively_avg_nuts_subgroup_line_3.png>
Package pdftex.def Info: ./images/negatively_avg_nuts_subgroup_line_3.png  used
 on input line 55.
(pdftex.def)             Requested size: 90.33728pt x 90.33728pt.
<./images/pairplot_avg_alc.png, id=110, 284.56313pt x 283.0575pt>
File: ./images/pairplot_avg_alc.png Graphic file (type png)
<use ./images/pairplot_avg_alc.png>
Package pdftex.def Info: ./images/pairplot_avg_alc.png  used on input line 56.
(pdftex.def)             Requested size: 71.1406pt x 70.76419pt.
<./images/pairplot_raw_data_added_sugar_esrd.png, id=111, 322.95656pt x 321.450
94pt>
File: ./images/pairplot_raw_data_added_sugar_esrd.png Graphic file (type png)
<use ./images/pairplot_raw_data_added_sugar_esrd.png>
Package pdftex.def Info: ./images/pairplot_raw_data_added_sugar_esrd.png  used 
on input line 58.
(pdftex.def)             Requested size: 80.73894pt x 80.36253pt.
<./images/pairplot_nuts_avg_negative.png, id=112, 282.30469pt x 275.52937pt>
File: ./images/pairplot_nuts_avg_negative.png Graphic file (type png)
<use ./images/pairplot_nuts_avg_negative.png>
Package pdftex.def Info: ./images/pairplot_nuts_avg_negative.png  used on input
 line 59.
(pdftex.def)             Requested size: 70.57599pt x 68.88217pt.

Underfull \hbox (badness 2310) in paragraph at lines 67--68
\OT1/cmr/m/n/10 bev-er-ages, White pota-toes and Puerto Ri-can
 []


Underfull \hbox (badness 1902) in paragraph at lines 67--68
\OT1/cmr/m/n/10 Oils, Deep-yellow veg-eta-bles re-spec-tively. In
 []


Underfull \hbox (badness 1776) in paragraph at lines 72--73
\OT1/cmr/m/n/10 ACR and food groups and sub-groups in-take.
 []

[7]
Underfull \vbox (badness 10000) has occurred while \output is active []


Underfull \hbox (badness 1067) in paragraph at lines 74--75
\OT1/cmr/m/n/10 Veg-eta-bles, Avg en-ergy kcal, avg pro-tein gm,
 []


Underfull \hbox (badness 1502) in paragraph at lines 74--75
\OT1/cmr/m/n/10 avg car-bo-hy-drate gm, avg to-tal fat gm, avg
 []


Underfull \hbox (badness 10000) in paragraph at lines 74--75
\OT1/cmr/m/n/10 to-tal sat-u-rated fatty acids gm, avg to-tal
 []


Underfull \hbox (badness 6063) in paragraph at lines 74--75
\OT1/cmr/m/n/10 mo-noun-sat-u-rated fatty acids gm, avg to-tal
 []


Underfull \hbox (badness 6364) in paragraph at lines 74--75
\OT1/cmr/m/n/10 polyun-sat-u-rated fatty acids gm, avg lutein
 []


Underfull \hbox (badness 10000) in paragraph at lines 76--76
\OT1/cmr/bx/n/12 to Cre-a-ti-nine Ra-tio (ACR)
 []

) (./relation-with-shift-recommendation.tex [8 <./images/standard_actual_starch
y_vegetable_esrd_mortality.png> <./images/standard_actual_red_and_orange_vegeta
ble_esrd_mortality.png> <./images/standard_actual_other_vegetable_esrd_mortalit
y.png> <./images/negatively_subgroup_avg_alcohol_intake.png> <./images/negative
ly_added_sugar_subgroup_line_2.png> <./images/negatively_avg_nuts_subgroup_line
_3.png> <./images/pairplot_avg_alc.png> <./images/pairplot_raw_data_added_sugar
_esrd.png> <./images/pairplot_nuts_avg_negative.png>]
Underfull \hbox (badness 10000) in paragraph at lines 1--1
[]\OT1/cmr/bx/n/12 Relation with Shift
 []


Underfull \hbox (badness 6808) in paragraph at lines 3--4
\OT1/cmr/m/n/10 the U.S. pop-u-la-tion does not meet in-take
 []


Underfull \hbox (badness 10000) in paragraph at lines 3--4
\OT1/cmr/m/n/10 rec-om-men-da-tions for any of the veg-etable
 []


Underfull \hbox (badness 1824) in paragraph at lines 5--6
\OT1/cmr/m/n/10 cor-re-la-tions with mor-tal-ity for CKD pa-tients.
 []


Underfull \hbox (badness 1043) in paragraph at lines 5--6
\OT1/cmr/m/n/10 pa-tients. As this study also finds that food
 []

[9]
Underfull \hbox (badness 1248) in paragraph at lines 45--46
\OT1/cmr/m/n/10 goes against shift rec-om-men-da-tion. How-ever,
 []


Underfull \hbox (badness 1424) in paragraph at lines 49--50
\OT1/cmr/bx/n/10 Recommended Shift: \OT1/cmr/m/n/10 Re-duce sat-u-rated fat
 []


Underfull \hbox (badness 3229) in paragraph at lines 51--52
\OT1/cmr/m/n/10 neg-a-tive cor-re-la-tion with CKD mor-tal-ity i.e.
 []


Underfull \hbox (badness 5939) in paragraph at lines 51--52
\OT1/cmr/m/n/10 CKD pa-tients will ben-e-fit by tak-ing more
 []

) (./conclusions.tex
Underfull \hbox (badness 2469) in paragraph at lines 57--1
\OT1/cmr/bx/n/10 Our Study: \OT1/cmr/m/n/10 This study did not find any
 []

)
Underfull \hbox (badness 5036) in paragraph at lines 2--43
\OT1/cmr/m/n/10 to-day; treat-ment fa-cil-i-ties for dial-y-sis, and
 []


Underfull \hbox (badness 2922) in paragraph at lines 2--43
\OT1/cmr/m/n/10 donors for or-gan trans-plan-ta-tion are lim-ited.
 []


Underfull \hbox (badness 1917) in paragraph at lines 2--43
\OT1/cmr/m/n/10 treat-ment (re-cent news on USA, Bloomberg).
 []


Underfull \hbox (badness 1721) in paragraph at lines 2--43
\OT1/cmr/m/n/10 pat-terns on CKD mor-tal-ity as well as on a
 []


Underfull \hbox (badness 2735) in paragraph at lines 2--43
\OT1/cmr/m/n/10 CKD mea-sure named Al-bu-min to Cre-a-ti-nine
 []


Underfull \hbox (badness 1062) in paragraph at lines 2--43
\OT1/cmr/m/n/10 ap-proaches showed that ACR val-ues could be
 []

Package atveryend Info: Empty hook `BeforeClearDocument' on input line 44.
[10]
Package atveryend Info: Empty hook `AfterLastShipout' on input line 44.
 (./shift-recommendation-and-ckd-disease.aux)
Package atveryend Info: Executing hook `AtVeryEndDocument' on input line 44.
Package atveryend Info: Executing hook `AtEndAfterFileList' on input line 44.
Package rerunfilecheck Info: File `shift-recommendation-and-ckd-disease.out' ha
s not changed.
(rerunfilecheck)             Checksum: EFDB4C154BC0710C25A0FBE71B88EB49;902.
Package atveryend Info: Empty hook `AtVeryVeryEnd' on input line 44.
 ) 
Here is how much of TeX's memory you used:
 5749 strings out of 492616
 88773 string characters out of 6129482
 187994 words of memory out of 5000000
 9568 multiletter control sequences out of 15000+600000
 6981 words of font info for 25 fonts, out of 8000000 for 9000
 1141 hyphenation exceptions out of 8191
 28i,20n,29p,1745b,401s stack positions out of 5000i,500n,10000p,200000b,80000s
</usr/local/texlive/2019/texmf-dist/fonts/type1/public/amsfonts/cm/cmbx10.pfb
></usr/local/texlive/2019/texmf-dist/fonts/type1/public/amsfonts/cm/cmbx12.pfb>
</usr/local/texlive/2019/texmf-dist/fonts/type1/public/amsfonts/cm/cmmi10.pfb><
/usr/local/texlive/2019/texmf-dist/fonts/type1/public/amsfonts/cm/cmr10.pfb></u
sr/local/texlive/2019/texmf-dist/fonts/type1/public/amsfonts/cm/cmr9.pfb>
Output written on shift-recommendation-and-ckd-disease.pdf (10 pages, 452121 by
tes).
PDF statistics:
 168 PDF objects out of 1000 (max. 8388607)
 118 compressed objects within 2 object streams
 29 named destinations out of 1000 (max. 500000)
 190 words of extra memory for PDF output out of 10000 (max. 10000000)

